build/app/intermediates/manifest_merge_blame_file/debug/manifest-merger-blame-debug-report.txt
1<?xml version="1.0" encoding="utf-8"?>
2<manifest xmlns:android="http://schemas.android.com/apk/res/android"
3    package="org.thingsboard.app"
4    android:versionCode="1"
5    android:versionName="1.0.6" >
6
7    <uses-sdk
8        android:minSdkVersion="21"
9        android:targetSdkVersion="33" />
10    <!--
11         Flutter needs it to communicate with the running application
12         to allow setting breakpoints, to provide hot reload, etc.
13    -->
14    <uses-permission android:name="android.permission.INTERNET" />
14-->src\main\AndroidManifest.xml:3:5-67
14-->src\main\AndroidManifest.xml:3:22-64
15    <uses-permission android:name="android.permission.ACCESS_FINE_LOCATION" />
15-->src\main\AndroidManifest.xml:4:5-79
15-->src\main\AndroidManifest.xml:4:22-76
16    <uses-permission android:name="android.permission.ACCESS_COARSE_LOCATION" />
16-->src\main\AndroidManifest.xml:5:5-81
16-->src\main\AndroidManifest.xml:5:22-78
17    <uses-permission android:name="android.permission.CAMERA" />
17-->src\main\AndroidManifest.xml:6:5-65
17-->src\main\AndroidManifest.xml:6:22-62
18    <uses-permission android:name="android.permission.RECORD_AUDIO" />
18-->src\main\AndroidManifest.xml:7:5-71
18-->src\main\AndroidManifest.xml:7:22-68
19    <uses-permission android:name="android.permission.MODIFY_AUDIO_SETTINGS" />
19-->src\main\AndroidManifest.xml:8:5-80
19-->src\main\AndroidManifest.xml:8:22-77
20    <uses-permission android:name="android.permission.VIDEO_CAPTURE" />
20-->src\main\AndroidManifest.xml:9:5-72
20-->src\main\AndroidManifest.xml:9:22-69
21    <uses-permission android:name="android.permission.AUDIO_CAPTURE" />
21-->src\main\AndroidManifest.xml:10:5-72
21-->src\main\AndroidManifest.xml:10:22-69
22    <uses-permission android:name="android.permission.WRITE_EXTERNAL_STORAGE" />
22-->src\main\AndroidManifest.xml:11:5-81
22-->src\main\AndroidManifest.xml:11:22-78
23
24    <queries>
24-->src\main\AndroidManifest.xml:12:5-25:15
25        <intent>
25-->src\main\AndroidManifest.xml:13:9-16:18
26            <action android:name="android.intent.action.VIEW" />
26-->src\main\AndroidManifest.xml:14:13-65
26-->src\main\AndroidManifest.xml:14:21-62
27
28            <data android:scheme="https" />
28-->src\main\AndroidManifest.xml:15:13-44
28-->src\main\AndroidManifest.xml:15:19-41
29        </intent>
30        <intent>
30-->src\main\AndroidManifest.xml:17:9-20:18
31            <action android:name="android.intent.action.DIAL" />
31-->src\main\AndroidManifest.xml:18:13-65
31-->src\main\AndroidManifest.xml:18:21-62
32
33            <data android:scheme="tel" />
33-->src\main\AndroidManifest.xml:15:13-44
33-->src\main\AndroidManifest.xml:15:19-41
34        </intent>
35        <intent>
35-->src\main\AndroidManifest.xml:21:9-24:18
36            <action android:name="android.intent.action.SEND" />
36-->src\main\AndroidManifest.xml:22:13-65
36-->src\main\AndroidManifest.xml:22:21-62
37
38            <data android:mimeType="*/*" />
38-->src\main\AndroidManifest.xml:15:13-44
38-->src\debug\AndroidManifest.xml:26:19-41
39        </intent>
40        <intent>
40-->[:flutter_inappwebview] AndroidManifest.xml:10:9-12:18
41            <action android:name="android.support.customtabs.action.CustomTabsService" />
41-->[:flutter_inappwebview] AndroidManifest.xml:11:13-90
41-->[:flutter_inappwebview] AndroidManifest.xml:11:21-87
42        </intent>
43    </queries>
44
45    <permission
45-->[androidx.core:core:1.10.1] AndroidManifest.xml:22:5-24:47
46        android:name="org.thingsboard.app.DYNAMIC_RECEIVER_NOT_EXPORTED_PERMISSION"
46-->[androidx.core:core:1.10.1] AndroidManifest.xml:23:9-81
47        android:protectionLevel="signature" />
47-->[androidx.core:core:1.10.1] AndroidManifest.xml:24:9-44
48
49    <uses-permission android:name="org.thingsboard.app.DYNAMIC_RECEIVER_NOT_EXPORTED_PERMISSION" /> <!-- Don't require camera, as this requires a rear camera. This allows it to work on the Nexus 7 -->
49-->[androidx.core:core:1.10.1] AndroidManifest.xml:26:5-97
49-->[androidx.core:core:1.10.1] AndroidManifest.xml:26:22-94
50    <uses-feature
50-->[com.journeyapps:zxing-android-embedded:4.3.0] AndroidManifest.xml:25:5-27:36
51        android:name="android.hardware.camera"
51-->[com.journeyapps:zxing-android-embedded:4.3.0] AndroidManifest.xml:26:9-47
52        android:required="false" />
52-->[com.journeyapps:zxing-android-embedded:4.3.0] AndroidManifest.xml:27:9-33
53    <uses-feature
53-->[com.journeyapps:zxing-android-embedded:4.3.0] AndroidManifest.xml:28:5-30:36
54        android:name="android.hardware.camera.front"
54-->[com.journeyapps:zxing-android-embedded:4.3.0] AndroidManifest.xml:29:9-53
55        android:required="false" /> <!-- TODO replace above two with next line after Android 4.2 -->
55-->[com.journeyapps:zxing-android-embedded:4.3.0] AndroidManifest.xml:30:9-33
56    <!-- <uses-feature android:name="android.hardware.camera.any"/> -->
57    <uses-feature
57-->[com.journeyapps:zxing-android-embedded:4.3.0] AndroidManifest.xml:33:5-35:36
58        android:name="android.hardware.camera.autofocus"
58-->[com.journeyapps:zxing-android-embedded:4.3.0] AndroidManifest.xml:34:9-57
59        android:required="false" />
59-->[com.journeyapps:zxing-android-embedded:4.3.0] AndroidManifest.xml:35:9-33
60    <uses-feature
60-->[com.journeyapps:zxing-android-embedded:4.3.0] AndroidManifest.xml:36:5-38:36
61        android:name="android.hardware.camera.flash"
61-->[com.journeyapps:zxing-android-embedded:4.3.0] AndroidManifest.xml:37:9-53
62        android:required="false" />
62-->[com.journeyapps:zxing-android-embedded:4.3.0] AndroidManifest.xml:38:9-33
63    <uses-feature
63-->[com.journeyapps:zxing-android-embedded:4.3.0] AndroidManifest.xml:39:5-41:36
64        android:name="android.hardware.screen.landscape"
64-->[com.journeyapps:zxing-android-embedded:4.3.0] AndroidManifest.xml:40:9-57
65        android:required="false" />
65-->[com.journeyapps:zxing-android-embedded:4.3.0] AndroidManifest.xml:41:9-33
66    <uses-feature
66-->[com.journeyapps:zxing-android-embedded:4.3.0] AndroidManifest.xml:42:5-44:36
67        android:name="android.hardware.wifi"
67-->[com.journeyapps:zxing-android-embedded:4.3.0] AndroidManifest.xml:43:9-45
68        android:required="false" />
68-->[com.journeyapps:zxing-android-embedded:4.3.0] AndroidManifest.xml:44:9-33
69
70    <application
70-->src\main\AndroidManifest.xml:26:5-91:19
71        android:appComponentFactory="androidx.core.app.CoreComponentFactory"
71-->[androidx.core:core:1.10.1] AndroidManifest.xml:28:18-86
72        android:debuggable="true"
73        android:icon="@mipmap/launcher_icon"
73-->src\main\AndroidManifest.xml:30:9-45
74        android:label="ThingsBoard App"
74-->src\main\AndroidManifest.xml:28:9-40
75        android:networkSecurityConfig="@xml/network_security_config"
75-->src\main\AndroidManifest.xml:29:9-69
76        android:requestLegacyExternalStorage="true"
76-->src\main\AndroidManifest.xml:27:9-52
77        android:usesCleartextTraffic="true" >
77-->src\debug\AndroidManifest.xml:29:18-53
78        <activity
78-->src\main\AndroidManifest.xml:31:9-60:20
79            android:name="org.thingsboard.app.MainActivity"
79-->src\main\AndroidManifest.xml:32:13-41
80            android:configChanges="orientation|keyboardHidden|keyboard|screenSize|smallestScreenSize|locale|layoutDirection|fontScale|screenLayout|density|uiMode"
80-->src\main\AndroidManifest.xml:36:13-163
81            android:exported="true"
81-->src\main\AndroidManifest.xml:33:13-36
82            android:hardwareAccelerated="true"
82-->src\main\AndroidManifest.xml:37:13-47
83            android:launchMode="singleTop"
83-->src\main\AndroidManifest.xml:34:13-43
84            android:theme="@style/LaunchTheme"
84-->src\main\AndroidManifest.xml:35:13-47
85            android:windowSoftInputMode="adjustResize" >
85-->src\main\AndroidManifest.xml:38:13-55
86
87            <!--
88                 Specifies an Android theme to apply to this Activity as soon as
89                 the Android process has started. This theme is visible to the user
90                 while the Flutter UI initializes. After that, this theme continues
91                 to determine the Window background behind the Flutter UI.
92            -->
93            <meta-data
93-->src\main\AndroidManifest.xml:43:13-46:17
94                android:name="io.flutter.embedding.android.NormalTheme"
94-->src\main\AndroidManifest.xml:44:15-70
95                android:resource="@style/NormalTheme" />
95-->src\main\AndroidManifest.xml:45:15-52
96            <!--
97                 Displays an Android View that continues showing the launch screen
98                 Drawable until Flutter paints its first frame, then this splash
99                 screen fades out. A splash screen is useful to avoid any visual
100                 gap between the end of Android's launch screen and the painting of
101                 Flutter's first frame.
102            -->
103            <meta-data
103-->src\main\AndroidManifest.xml:52:13-55:17
104                android:name="io.flutter.embedding.android.SplashScreenDrawable"
104-->src\main\AndroidManifest.xml:53:15-79
105                android:resource="@drawable/launch_background" />
105-->src\main\AndroidManifest.xml:54:15-61
106
107            <intent-filter>
107-->src\main\AndroidManifest.xml:56:13-59:29
108                <action android:name="android.intent.action.MAIN" />
108-->src\main\AndroidManifest.xml:57:17-68
108-->src\main\AndroidManifest.xml:57:25-66
109
110                <category android:name="android.intent.category.LAUNCHER" />
110-->src\main\AndroidManifest.xml:58:17-76
110-->src\main\AndroidManifest.xml:58:27-74
111            </intent-filter>
112        </activity>
113        <activity
113-->src\main\AndroidManifest.xml:62:9-71:20
114            android:name="org.thingsboard.app.TbWebCallbackActivity"
114-->src\main\AndroidManifest.xml:63:13-50
115            android:exported="true" >
115-->src\main\AndroidManifest.xml:64:13-36
116            <intent-filter android:label="tb_web_auth" >
116-->src\main\AndroidManifest.xml:65:13-70:29
116-->src\main\AndroidManifest.xml:65:28-55
117                <action android:name="android.intent.action.VIEW" />
117-->src\main\AndroidManifest.xml:14:13-65
117-->src\main\AndroidManifest.xml:14:21-62
118
119                <category android:name="android.intent.category.DEFAULT" />
119-->src\main\AndroidManifest.xml:67:17-76
119-->src\main\AndroidManifest.xml:67:27-73
120                <category android:name="android.intent.category.BROWSABLE" />
120-->src\main\AndroidManifest.xml:68:17-78
120-->src\main\AndroidManifest.xml:68:27-75
121
122                <data android:scheme="org.thingsboard.app.auth" />
122-->src\main\AndroidManifest.xml:15:13-44
122-->src\main\AndroidManifest.xml:15:19-41
123            </intent-filter>
124        </activity>
125        <!--
126 Don't delete the meta-data below.
127             This is used by the Flutter tool to generate GeneratedPluginRegistrant.java
128        -->
129        <meta-data
129-->src\main\AndroidManifest.xml:75:9-78:11
130            android:name="flutterEmbedding"
130-->src\main\AndroidManifest.xml:76:13-44
131            android:value="2" />
131-->src\main\AndroidManifest.xml:77:13-30
132        <meta-data
132-->src\main\AndroidManifest.xml:79:9-80:69
133            android:name="io.flutter.network-policy"
133-->src\main\AndroidManifest.xml:79:20-60
134            android:resource="@xml/network_security_config" />
134-->src\main\AndroidManifest.xml:80:20-67
135
136        <provider
137            android:name="androidx.core.content.FileProvider"
138            android:authorities="org.thingsboard.app.flutter_inappwebview.fileprovider"
139            android:exported="false"
140            android:grantUriPermissions="true" >
141            <meta-data
141-->[:image_picker_android] AndroidManifest.xml:15:13-17:75
142                android:name="android.support.FILE_PROVIDER_PATHS"
142-->[:image_picker_android] AndroidManifest.xml:16:17-67
143                android:resource="@xml/provider_paths" />
143-->[:image_picker_android] AndroidManifest.xml:17:17-72
144        </provider>
145
146        <service
146-->[:geolocator_android] AndroidManifest.xml:10:9-14:56
147            android:name="com.baseflow.geolocator.GeolocatorLocationService"
147-->[:geolocator_android] AndroidManifest.xml:11:13-77
148            android:enabled="true"
148-->[:geolocator_android] AndroidManifest.xml:12:13-35
149            android:exported="false"
149-->[:geolocator_android] AndroidManifest.xml:13:13-37
150            android:foregroundServiceType="location" />
150-->[:geolocator_android] AndroidManifest.xml:14:13-53
151
152        <activity
152-->[:flutter_inappwebview] AndroidManifest.xml:16:9-20:47
153            android:name="com.pichillilorenzo.flutter_inappwebview.in_app_browser.InAppBrowserActivity"
153-->[:flutter_inappwebview] AndroidManifest.xml:17:13-104
154            android:configChanges="orientation|keyboardHidden|keyboard|screenSize|locale|layoutDirection|fontScale|screenLayout|density"
154-->[:flutter_inappwebview] AndroidManifest.xml:18:13-137
155            android:exported="true"
155-->[:flutter_inappwebview] AndroidManifest.xml:19:13-36
156            android:theme="@style/AppTheme" />
156-->[:flutter_inappwebview] AndroidManifest.xml:20:13-44
157        <activity
157-->[:flutter_inappwebview] AndroidManifest.xml:21:9-24:55
158            android:name="com.pichillilorenzo.flutter_inappwebview.chrome_custom_tabs.ChromeCustomTabsActivity"
158-->[:flutter_inappwebview] AndroidManifest.xml:22:13-112
159            android:exported="true"
159-->[:flutter_inappwebview] AndroidManifest.xml:23:13-36
160            android:theme="@style/ThemeTransparent" />
160-->[:flutter_inappwebview] AndroidManifest.xml:24:13-52
161        <activity
161-->[:flutter_inappwebview] AndroidManifest.xml:25:9-28:55
162            android:name="com.pichillilorenzo.flutter_inappwebview.chrome_custom_tabs.TrustedWebActivity"
162-->[:flutter_inappwebview] AndroidManifest.xml:26:13-106
163            android:exported="true"
163-->[:flutter_inappwebview] AndroidManifest.xml:27:13-36
164            android:theme="@style/ThemeTransparent" />
164-->[:flutter_inappwebview] AndroidManifest.xml:28:13-52
165        <activity
165-->[:flutter_inappwebview] AndroidManifest.xml:29:9-33:55
166            android:name="com.pichillilorenzo.flutter_inappwebview.chrome_custom_tabs.ChromeCustomTabsActivitySingleInstance"
166-->[:flutter_inappwebview] AndroidManifest.xml:30:13-126
167            android:exported="true"
167-->[:flutter_inappwebview] AndroidManifest.xml:31:13-36
168            android:launchMode="singleInstance"
168-->[:flutter_inappwebview] AndroidManifest.xml:32:13-48
169            android:theme="@style/ThemeTransparent" />
169-->[:flutter_inappwebview] AndroidManifest.xml:33:13-52
170        <activity
170-->[:flutter_inappwebview] AndroidManifest.xml:34:9-38:55
171            android:name="com.pichillilorenzo.flutter_inappwebview.chrome_custom_tabs.TrustedWebActivitySingleInstance"
171-->[:flutter_inappwebview] AndroidManifest.xml:35:13-120
172            android:exported="true"
172-->[:flutter_inappwebview] AndroidManifest.xml:36:13-36
173            android:launchMode="singleInstance"
173-->[:flutter_inappwebview] AndroidManifest.xml:37:13-48
174            android:theme="@style/ThemeTransparent" />
174-->[:flutter_inappwebview] AndroidManifest.xml:38:13-52
175
176        <receiver
176-->[:flutter_inappwebview] AndroidManifest.xml:40:9-43:40
177            android:name="com.pichillilorenzo.flutter_inappwebview.chrome_custom_tabs.ActionBroadcastReceiver"
177-->[:flutter_inappwebview] AndroidManifest.xml:41:13-111
178            android:enabled="true"
178-->[:flutter_inappwebview] AndroidManifest.xml:42:13-35
179            android:exported="false" />
179-->[:flutter_inappwebview] AndroidManifest.xml:43:13-37
180
181        <meta-data
181-->[:flutter_inappwebview] AndroidManifest.xml:45:9-47:36
182            android:name="io.flutter.embedded_views_preview"
182-->[:flutter_inappwebview] AndroidManifest.xml:46:13-61
183            android:value="true" />
183-->[:flutter_inappwebview] AndroidManifest.xml:47:13-33
184
185        <provider
185-->[:image_picker_android] AndroidManifest.xml:10:9-18:20
186            android:name="io.flutter.plugins.imagepicker.ImagePickerFileProvider"
186-->[:image_picker_android] AndroidManifest.xml:11:13-82
187            android:authorities="org.thingsboard.app.flutter.image_provider"
187-->[:image_picker_android] AndroidManifest.xml:12:13-74
188            android:exported="false"
188-->[:image_picker_android] AndroidManifest.xml:13:13-37
189            android:grantUriPermissions="true" >
189-->[:image_picker_android] AndroidManifest.xml:14:13-47
190            <meta-data
190-->[:image_picker_android] AndroidManifest.xml:15:13-17:75
191                android:name="android.support.FILE_PROVIDER_PATHS"
191-->[:image_picker_android] AndroidManifest.xml:16:17-67
192                android:resource="@xml/flutter_image_picker_file_paths" />
192-->[:image_picker_android] AndroidManifest.xml:17:17-72
193        </provider>
194
195        <activity
195-->[:url_launcher_android] AndroidManifest.xml:10:9-13:74
196            android:name="io.flutter.plugins.urllauncher.WebViewActivity"
196-->[:url_launcher_android] AndroidManifest.xml:11:13-74
197            android:exported="false"
197-->[:url_launcher_android] AndroidManifest.xml:12:13-37
198            android:theme="@android:style/Theme.NoTitleBar.Fullscreen" />
198-->[:url_launcher_android] AndroidManifest.xml:13:13-71
199        <activity
199-->[com.google.android.gms:play-services-base:18.1.0] AndroidManifest.xml:20:9-22:45
200            android:name="com.google.android.gms.common.api.GoogleApiActivity"
200-->[com.google.android.gms:play-services-base:18.1.0] AndroidManifest.xml:20:19-85
201            android:exported="false"
201-->[com.google.android.gms:play-services-base:18.1.0] AndroidManifest.xml:22:19-43
202            android:theme="@android:style/Theme.Translucent.NoTitleBar" />
202-->[com.google.android.gms:play-services-base:18.1.0] AndroidManifest.xml:21:19-78
203
204        <meta-data
204-->[com.google.android.gms:play-services-basement:18.1.0] AndroidManifest.xml:21:9-23:69
205            android:name="com.google.android.gms.version"
205-->[com.google.android.gms:play-services-basement:18.1.0] AndroidManifest.xml:22:13-58
206            android:value="@integer/google_play_services_version" />
206-->[com.google.android.gms:play-services-basement:18.1.0] AndroidManifest.xml:23:13-66
207
208        <provider
208-->[androidx.emoji2:emoji2:1.0.0] AndroidManifest.xml:26:9-34:20
209            android:name="androidx.startup.InitializationProvider"
209-->[androidx.emoji2:emoji2:1.0.0] AndroidManifest.xml:27:13-67
210            android:authorities="org.thingsboard.app.androidx-startup"
210-->[androidx.emoji2:emoji2:1.0.0] AndroidManifest.xml:28:13-68
211            android:exported="false" >
211-->[androidx.emoji2:emoji2:1.0.0] AndroidManifest.xml:29:13-37
212            <meta-data
212-->[androidx.emoji2:emoji2:1.0.0] AndroidManifest.xml:31:13-33:52
213                android:name="androidx.emoji2.text.EmojiCompatInitializer"
213-->[androidx.emoji2:emoji2:1.0.0] AndroidManifest.xml:32:17-75
214                android:value="androidx.startup" />
214-->[androidx.emoji2:emoji2:1.0.0] AndroidManifest.xml:33:17-49
215            <meta-data
215-->[androidx.lifecycle:lifecycle-process:2.6.1] AndroidManifest.xml:29:13-31:52
216                android:name="androidx.lifecycle.ProcessLifecycleInitializer"
216-->[androidx.lifecycle:lifecycle-process:2.6.1] AndroidManifest.xml:30:17-78
217                android:value="androidx.startup" />
217-->[androidx.lifecycle:lifecycle-process:2.6.1] AndroidManifest.xml:31:17-49
218            <meta-data
218-->[androidx.profileinstaller:profileinstaller:1.3.0] AndroidManifest.xml:29:13-31:52
219                android:name="androidx.profileinstaller.ProfileInstallerInitializer"
219-->[androidx.profileinstaller:profileinstaller:1.3.0] AndroidManifest.xml:30:17-85
220                android:value="androidx.startup" />
220-->[androidx.profileinstaller:profileinstaller:1.3.0] AndroidManifest.xml:31:17-49
221        </provider>
222
223        <uses-library
223-->[androidx.window:window:1.0.0-beta04] AndroidManifest.xml:25:9-27:40
224            android:name="androidx.window.extensions"
224-->[androidx.window:window:1.0.0-beta04] AndroidManifest.xml:26:13-54
225            android:required="false" />
225-->[androidx.window:window:1.0.0-beta04] AndroidManifest.xml:27:13-37
226        <uses-library
226-->[androidx.window:window:1.0.0-beta04] AndroidManifest.xml:28:9-30:40
227            android:name="androidx.window.sidecar"
227-->[androidx.window:window:1.0.0-beta04] AndroidManifest.xml:29:13-51
228            android:required="false" />
228-->[androidx.window:window:1.0.0-beta04] AndroidManifest.xml:30:13-37
229
230        <receiver
230-->[androidx.profileinstaller:profileinstaller:1.3.0] AndroidManifest.xml:34:9-52:20
231            android:name="androidx.profileinstaller.ProfileInstallReceiver"
231-->[androidx.profileinstaller:profileinstaller:1.3.0] AndroidManifest.xml:35:13-76
232            android:directBootAware="false"
232-->[androidx.profileinstaller:profileinstaller:1.3.0] AndroidManifest.xml:36:13-44
233            android:enabled="true"
233-->[androidx.profileinstaller:profileinstaller:1.3.0] AndroidManifest.xml:37:13-35
234            android:exported="true"
234-->[androidx.profileinstaller:profileinstaller:1.3.0] AndroidManifest.xml:38:13-36
235            android:permission="android.permission.DUMP" >
235-->[androidx.profileinstaller:profileinstaller:1.3.0] AndroidManifest.xml:39:13-57
236            <intent-filter>
236-->[androidx.profileinstaller:profileinstaller:1.3.0] AndroidManifest.xml:40:13-42:29
237                <action android:name="androidx.profileinstaller.action.INSTALL_PROFILE" />
237-->[androidx.profileinstaller:profileinstaller:1.3.0] AndroidManifest.xml:41:17-91
237-->[androidx.profileinstaller:profileinstaller:1.3.0] AndroidManifest.xml:41:25-88
238            </intent-filter>
239            <intent-filter>
239-->[androidx.profileinstaller:profileinstaller:1.3.0] AndroidManifest.xml:43:13-45:29
240                <action android:name="androidx.profileinstaller.action.SKIP_FILE" />
240-->[androidx.profileinstaller:profileinstaller:1.3.0] AndroidManifest.xml:44:17-85
240-->[androidx.profileinstaller:profileinstaller:1.3.0] AndroidManifest.xml:44:25-82
241            </intent-filter>
242            <intent-filter>
242-->[androidx.profileinstaller:profileinstaller:1.3.0] AndroidManifest.xml:46:13-48:29
243                <action android:name="androidx.profileinstaller.action.SAVE_PROFILE" />
243-->[androidx.profileinstaller:profileinstaller:1.3.0] AndroidManifest.xml:47:17-88
243-->[androidx.profileinstaller:profileinstaller:1.3.0] AndroidManifest.xml:47:25-85
244            </intent-filter>
245            <intent-filter>
245-->[androidx.profileinstaller:profileinstaller:1.3.0] AndroidManifest.xml:49:13-51:29
246                <action android:name="androidx.profileinstaller.action.BENCHMARK_OPERATION" />
246-->[androidx.profileinstaller:profileinstaller:1.3.0] AndroidManifest.xml:50:17-95
246-->[androidx.profileinstaller:profileinstaller:1.3.0] AndroidManifest.xml:50:25-92
247            </intent-filter>
248        </receiver>
249
250        <activity
250-->[com.journeyapps:zxing-android-embedded:4.3.0] AndroidManifest.xml:47:9-53:63
251            android:name="com.journeyapps.barcodescanner.CaptureActivity"
251-->[com.journeyapps:zxing-android-embedded:4.3.0] AndroidManifest.xml:48:13-74
252            android:clearTaskOnLaunch="true"
252-->[com.journeyapps:zxing-android-embedded:4.3.0] AndroidManifest.xml:49:13-45
253            android:screenOrientation="sensorLandscape"
253-->[com.journeyapps:zxing-android-embedded:4.3.0] AndroidManifest.xml:50:13-56
254            android:stateNotNeeded="true"
254-->[com.journeyapps:zxing-android-embedded:4.3.0] AndroidManifest.xml:51:13-42
255            android:theme="@style/zxing_CaptureTheme"
255-->[com.journeyapps:zxing-android-embedded:4.3.0] AndroidManifest.xml:52:13-54
256            android:windowSoftInputMode="stateAlwaysHidden" />
256-->[com.journeyapps:zxing-android-embedded:4.3.0] AndroidManifest.xml:53:13-60
257    </application>
258
259</manifest>